<?xml version="1.0" encoding="UTF-8"?>
<testng-results skipped="0" failed="0" total="1" passed="1">
  <reporter-output>
  </reporter-output>
  <suite name="Suite" duration-ms="30532" started-at="2017-12-16T11:14:33Z" finished-at="2017-12-16T11:15:04Z">
    <groups>
    </groups>
    <test name="Test" duration-ms="30532" started-at="2017-12-16T11:14:33Z" finished-at="2017-12-16T11:15:04Z">
      <class name="maven.first.third">
        <test-method status="PASS" signature="seond()[pri:0, instance:maven.first.third@6fadae5d]" name="seond" duration-ms="30508" started-at="2017-12-16T16:44:33Z" finished-at="2017-12-16T16:45:04Z">
          <reporter-output>
          </reporter-output>
        </test-method> <!-- seond -->
      </class> <!-- maven.first.third -->
    </test> <!-- Test -->
  </suite> <!-- Suite -->
</testng-results>
