<?xml version="1.0" encoding="UTF-8"?>
<testng-results skipped="0" failed="0" total="2" passed="2">
  <reporter-output>
  </reporter-output>
  <suite name="Suite" duration-ms="58568" started-at="2017-10-12T06:19:35Z" finished-at="2017-10-12T06:20:34Z">
    <groups>
    </groups>
    <test name="Test" duration-ms="58568" started-at="2017-10-12T06:19:35Z" finished-at="2017-10-12T06:20:34Z">
      <class name="maven.first.secondtest">
        <test-method status="PASS" signature="seond()[pri:0, instance:maven.first.secondtest@880ec60]" name="seond" duration-ms="30173" started-at="2017-10-12T11:49:35Z" finished-at="2017-10-12T11:50:05Z">
          <reporter-output>
          </reporter-output>
        </test-method> <!-- seond -->
      </class> <!-- maven.first.secondtest -->
      <class name="maven.first.third">
        <test-method status="PASS" signature="seond()[pri:0, instance:maven.first.third@2812cbfa]" name="seond" duration-ms="28368" started-at="2017-10-12T11:50:05Z" finished-at="2017-10-12T11:50:34Z">
          <reporter-output>
          </reporter-output>
        </test-method> <!-- seond -->
      </class> <!-- maven.first.third -->
    </test> <!-- Test -->
  </suite> <!-- Suite -->
</testng-results>
